INFO C:\Users\Steerpike\Documents\projects\mocktions\commerce\settings.py changed, reloading.
INFO Watching for file changes with StatReloader
INFO "GET / HTTP/1.1" 200 68593
INFO "GET /static/auctions/auctions/js/controls.js HTTP/1.1" 304 0
INFO "GET /static/auctions/auctions/js/ajax.js HTTP/1.1" 304 0
INFO "GET /images/user_uploads/2022/04/26/5fed629fb1d54f61a92128c0d4aedf95.jpg HTTP/1.1" 304 0
INFO "GET /images/user_uploads/2022/04/26/9635f5b651754a4692534198650d3e57_thumb.jpg HTTP/1.1" 200 2765
INFO "GET /images/user_uploads/2022/04/26/efb2f47ef5944485847e64dfd964b011.jpg HTTP/1.1" 200 8413
INFO "GET /images/user_uploads/2022/04/26/016fe01a735b422abf69079ade7e2337_thumb.jpg HTTP/1.1" 200 2312
INFO "GET /images/user_uploads/2022/04/26/c22b04ef92f341f296cd4ff70d124e61_thumb.jpg HTTP/1.1" 200 3243
INFO "GET /static/auctions/auctions/js/bootstrap.bundle.js HTTP/1.1" 304 0
INFO "GET /images/user_uploads/2022/04/26/77975d99a59b44f39d0bc612d2fbc210_thumb.jpg HTTP/1.1" 304 0
INFO "GET /images/user_uploads/2022/04/26/2b4bd27cc1e0428698103550fb23f817_thumb.jpg HTTP/1.1" 304 0
INFO "GET /images/user_uploads/2022/04/26/e2840032e549405aaf722297365db787_thumb.jpg HTTP/1.1" 200 2670
INFO "GET /images/user_uploads/2022/04/26/c563f0e351b64d12b6720f980125dd72_thumb.jpg HTTP/1.1" 304 0
INFO "GET /images/user_uploads/2022/04/26/2f60cffaba4b4e41a2c55fce4508073b_thumb.jpg HTTP/1.1" 304 0
INFO "GET /images/user_uploads/2022/04/26/6636e2e7d7eb4bc0a08d1e1438503917_thumb.jpg HTTP/1.1" 304 0
INFO "GET /images/user_uploads/2022/04/26/61c290280d86461b8f0b5f1a8723cf8a_thumb.jpg HTTP/1.1" 200 1507
INFO "GET /images/user_uploads/2022/04/26/2e3f2765ac024ffe889215dda06b8203_thumb.jpg HTTP/1.1" 304 0
INFO "GET /images/user_uploads/2022/04/26/4b6f3c0f7d894f61a51029077739d2f3_thumb.jpg HTTP/1.1" 304 0
INFO "GET /images/user_uploads/2022/04/26/92005d0478c74081bf5fcd2d8245b41b_thumb.jpg HTTP/1.1" 200 2396
INFO "GET /images/user_uploads/2022/04/26/fba1dbb740d2490d92a49079d6b8fcbc_thumb.jpg HTTP/1.1" 200 1728
INFO "GET /images/user_uploads/2022/04/26/324499dd46bd419e8bc5d0d41fd43e24_thumb.jpg HTTP/1.1" 200 2590
INFO "GET /images/user_uploads/2022/04/26/94356b2d54a74ca3966a4d2c7a9625c7_thumb.jpg HTTP/1.1" 200 2613
INFO "GET /images/user_uploads/2022/04/26/05adcb846f9b47ca88493895fbc21ccd.jpg HTTP/1.1" 200 4227
INFO "GET /images/user_uploads/2022/04/26/a1a67d8d8b364944bb444e7d5336db7e_thumb.jpg HTTP/1.1" 200 1725
INFO "GET /images/user_uploads/2022/04/26/3db5abff001e492ea3f746b2f24acab6_thumb.jpg HTTP/1.1" 200 3154
INFO - Broken pipe from ('127.0.0.1', 61489)

INFO "GET /images/user_uploads/2022/04/26/b7e68e489fd34a5fadadb48cf212ff59_thumb.jpg HTTP/1.1" 200 4212
INFO "GET /images/user_uploads/2022/04/26/74bdd7d09b974c80be2ec690050b86b4_thumb.jpg HTTP/1.1" 200 2382
INFO "GET /images/user_uploads/2022/04/26/2018f3ed4b2c4d578b8475726dfef800_thumb.jpg HTTP/1.1" 200 3342
INFO "GET /images/user_uploads/2022/04/26/49851ea77cc74bf8b1b1f6aefb357296.jpg HTTP/1.1" 200 7283
INFO "GET /images/user_uploads/2022/04/26/ccabc3a84d054f339c45bb6f2d0afa94_thumb.jpg HTTP/1.1" 200 2828
INFO "GET /images/user_uploads/2022/04/26/28583fcc1dac420f9bf7c0071fcbdf72_thumb.jpg HTTP/1.1" 200 3183
INFO "GET /images/user_uploads/2022/04/26/a4311042000d438aa061f66c1f6116cd_thumb.jpg HTTP/1.1" 200 1571
INFO "GET /images/user_uploads/2022/04/26/39e758861cf842b1a1fa5b37ce03b8e5_thumb.jpg HTTP/1.1" 200 2474
INFO "GET /images/user_uploads/2022/04/26/870b3b3eb57148a49eb9cd32d7502b5e.jpg HTTP/1.1" 200 7057
INFO "GET /images/user_uploads/2022/04/26/20073f49b8aa41b0b3ceea1012b83e01_thumb.jpg HTTP/1.1" 200 2561
INFO "GET /images/user_uploads/2022/04/26/b7c635768a6a46d7b427358b470c498d_thumb.jpg HTTP/1.1" 200 3427
INFO "GET /images/user_uploads/2022/04/26/c986a1c3affb4e07b57cc2236a383b5c_thumb.jpg HTTP/1.1" 200 2422
INFO "GET /images/user_uploads/2022/04/26/414d0725cf1942c0b2aeaf159026cd2c_thumb.jpg HTTP/1.1" 200 3912
INFO "GET /images/user_uploads/2022/04/26/dac405056f9f40b0b2df4e507a731d09_thumb.jpg HTTP/1.1" 200 2208
INFO "GET /images/user_uploads/2022/04/26/620cfa95a10649db98d6f2de6e6df2f8_thumb.jpg HTTP/1.1" 200 2791
INFO "GET /images/user_uploads/2022/04/26/9696e3e77fb24f49affafa2396ec17c0_thumb.jpg HTTP/1.1" 200 2418
INFO "GET /images/user_uploads/2022/04/26/a60c977f548c4997b877e5cc0e5a36a9_thumb.jpg HTTP/1.1" 200 2616
INFO "GET /images/user_uploads/2022/04/26/5f5dc2f466d54c76959abca4ba28f8d4_thumb.jpg HTTP/1.1" 200 4182
INFO "GET /images/user_uploads/2022/04/26/7bbec8c313a74df596d5d10ad1a1873c.jpg HTTP/1.1" 200 10172
INFO "GET /images/user_uploads/2022/04/26/c21c58951b894d3993c39043b38b7bcb_thumb.jpg HTTP/1.1" 200 2998
INFO "GET /images/user_uploads/2022/04/26/356d6dd7e38c4d139b4df0a5c0f58928_thumb.jpg HTTP/1.1" 200 2057
INFO "GET /images/user_uploads/2022/04/26/252609ee7f1343ff8e645ed0f9ed3680_thumb.jpg HTTP/1.1" 200 3078
INFO "GET /images/user_uploads/2022/04/26/aadbb507addd46b3aa0196f48f5d7580_thumb.jpg HTTP/1.1" 200 2777
INFO "GET /images/user_uploads/2022/04/26/136326ac910a454e812cd953aa03dd7e_thumb.jpg HTTP/1.1" 200 4546
INFO "GET /images/user_uploads/2022/04/26/fc77e583e824485987d2033ef8f25538_thumb.jpg HTTP/1.1" 200 2120
INFO "GET /images/user_uploads/2022/04/26/1f32fcc3345f45cc86ba38fc821e5ea2_thumb.jpg HTTP/1.1" 200 3243
INFO "GET /images/user_uploads/2022/04/26/0ed54d627696405cbd1ead4815a2fd72.jpg HTTP/1.1" 200 11326
INFO "GET /images/user_uploads/2022/04/26/31f54d9c3ba841b7a7e5c8f780060a46_thumb.jpg HTTP/1.1" 200 3572
INFO "GET /images/user_uploads/2022/04/26/04aef8d7737a4cb68b9636f0d1eda2f8.jpg HTTP/1.1" 200 7821
INFO "GET /images/user_uploads/2022/04/26/b4c35cfd01144b0180c339549a8cdb5e_thumb.jpg HTTP/1.1" 200 3511
INFO "GET /images/user_uploads/2022/04/26/45f51e5b98b9422b9be193c8cb1935d3.jpg HTTP/1.1" 200 11016
INFO "GET /images/user_uploads/2022/04/26/a984b173ba46405ebe8fac7d0c61ab1e_thumb.jpg HTTP/1.1" 200 3510
INFO "GET /images/user_uploads/2022/04/26/88a2a077934b4249b5519edd41534a81_thumb.jpg HTTP/1.1" 200 2722
INFO "GET /images/user_uploads/2022/04/26/76961085ca574b69af763f9b4227f253_thumb.jpg HTTP/1.1" 200 3309
INFO "GET /images/user_uploads/2022/04/26/d012ab65418f46f199878fc331bf450d_thumb.jpg HTTP/1.1" 200 3494
INFO "GET /images/user_uploads/2022/04/26/bb05b108086f4726b1f852e1095ad63f_thumb.jpg HTTP/1.1" 200 1622
INFO "GET /images/user_uploads/2022/04/26/44f95e31d641485b9f16a1a1f5113c66.jpg HTTP/1.1" 200 11356
INFO "GET /images/user_uploads/2022/04/26/9b564ff494114b77a4c409974fdf9006.jpg HTTP/1.1" 200 8278
INFO "GET /images/user_uploads/2022/04/26/9c35bca908f74c7d8e2ddc64c3f46556.jpg HTTP/1.1" 304 0
INFO "GET /images/user_uploads/2022/04/26/5bf6e5ca353f4d68bfc2262d814b2798.jpg HTTP/1.1" 304 0
INFO "GET /images/user_uploads/2022/04/26/72090e2b8135486892b062d46e3cb3a0.jpg HTTP/1.1" 200 9751
INFO "GET /images/user_uploads/2022/04/26/809fffcdeee940f3868c328f8791a525.jpg HTTP/1.1" 304 0
INFO "GET /images/user_uploads/2022/04/26/cb520a44be144d4cbeb9d8cabde36e07.jpg HTTP/1.1" 304 0
INFO "GET /images/user_uploads/2022/04/26/6630dce00bca4f87855e81b856688287.jpg HTTP/1.1" 304 0
INFO "GET /images/user_uploads/2022/04/26/99826caf24924903bbf5066a80bf33e3.jpg HTTP/1.1" 304 0
INFO "GET /images/user_uploads/2022/04/26/2fabe9daf7fe4799ab3c20fdaf3b49b8.jpg HTTP/1.1" 304 0
INFO "GET /images/user_uploads/2022/04/26/9e8968f28b5e4edd999c5dd38a18871e.jpg HTTP/1.1" 304 0
INFO "GET /images/user_uploads/2022/04/26/d8900afc439446f88b999385140d5ee8.jpg HTTP/1.1" 304 0
INFO "GET /images/user_uploads/2022/04/26/673ca8ff5a424d08b3800bfb17d18ba4.jpg HTTP/1.1" 200 3534
INFO "GET /images/user_uploads/2022/04/26/5d9992b2763741e5928d78ddec008261.jpg HTTP/1.1" 200 6559
INFO "GET /images/user_uploads/2022/04/26/970be8321a804992b241d6404078f986.jpg HTTP/1.1" 200 9592
INFO "GET /images/user_uploads/2022/04/26/0495178f4c5942b6a38e4bc9cb6dcca4.jpg HTTP/1.1" 200 11035
INFO "GET /images/user_uploads/2022/04/26/83d9428125574d2f94bf7b08f154111c.jpg HTTP/1.1" 200 8910
INFO "GET /images/user_uploads/2022/04/26/537dfdcfcf1144a8a545cedf4312c0b2.jpg HTTP/1.1" 200 6045
INFO "GET /images/user_uploads/2022/04/26/a8e90e16ed724e10b487fc6f6611c641.jpg HTTP/1.1" 200 8802
INFO "GET /static/auctions/auctions/js/controls.js HTTP/1.1" 200 1880
INFO "GET /images/user_uploads/2022/04/26/8b3347b0182d4babb4cd7a25eae8e365.jpg HTTP/1.1" 200 4139
INFO "GET /images/user_uploads/2022/04/26/69ddc9dc3f7742d3b2ab43a557f88ea0.jpg HTTP/1.1" 200 6713
INFO "GET /images/user_uploads/2022/04/26/40954d330b1e49b1b85cc53a086c0abd.jpg HTTP/1.1" 200 10588
INFO "GET /images/user_uploads/2022/04/26/459f84e4a1874ed0874c0382dd6a7f91.jpg HTTP/1.1" 200 6104
INFO "GET /images/user_uploads/2022/04/26/ee06157fb33b49968cdda185a768543f.jpg HTTP/1.1" 200 12390
INFO "GET /images/user_uploads/2022/04/26/ba6c55b7d11d4043b3cd21a3def2746e.jpg HTTP/1.1" 200 5599
INFO "GET /images/user_uploads/2022/04/26/b7dc9a62d17b407cadb26ab6140a09cd.jpg HTTP/1.1" 200 6637
INFO "GET /images/user_uploads/2022/04/26/f4ee4d2bd58e49939c49ab95fa1bf9d6.jpg HTTP/1.1" 200 7041
INFO "GET /images/user_uploads/2022/04/26/8dad22fbb4444bd4b1f6e30fded7ed71.jpg HTTP/1.1" 200 7058
INFO "GET /images/user_uploads/2022/04/26/0bc7d57d171c4968ac9c939efc30a294.jpg HTTP/1.1" 200 8189
INFO "GET /images/user_uploads/2022/04/26/4913bfa2d2414f2cb89e720e9004be05.jpg HTTP/1.1" 200 12904
INFO "GET /images/user_uploads/2022/04/26/59d1d87578d148b09f4eed55fb86e674.jpg HTTP/1.1" 200 8042
INFO "GET /images/user_uploads/2022/04/26/4921939b1136495eac9e5eb78979ddb1.jpg HTTP/1.1" 200 13257
INFO "GET /images/user_uploads/2022/04/26/a9f15524258948c3addd11d621d29384.jpg HTTP/1.1" 200 4369
INFO "GET /images/user_uploads/2022/04/26/9a92608895cb4de9bcd6b0a74bc03ee8.jpg HTTP/1.1" 200 9097
INFO "GET /images/user_uploads/2022/04/26/c6d3e1c84d9b46628d1cbd83cbb33c0c.jpg HTTP/1.1" 200 5756
INFO "GET /images/user_uploads/2022/04/26/118692269f244926a6057cae69ec49fc.jpg HTTP/1.1" 200 3193
INFO "GET /images/user_uploads/2022/04/26/607338c38dd846f2b21b9460490989f8.jpg HTTP/1.1" 200 8882
INFO "GET /images/user_uploads/2022/04/26/c6c834f0fcac48a0ba69840df6a6d88c.jpg HTTP/1.1" 200 9547
INFO "GET /images/user_uploads/2022/04/26/6c56c81a854a43418fbb2f485d378e92.jpg HTTP/1.1" 200 4937
INFO "GET /static/auctions/auctions/images/gavel_icon.png HTTP/1.1" 200 3832
INFO "GET /images/user_uploads/2022/04/27/4cab357a08bf44e1a54c6a94a7976e7c.jpg HTTP/1.1" 200 9000
INFO "GET /images/user_uploads/2022/04/27/4be612ecf6f344c980380554292fb3f9.jpg HTTP/1.1" 200 7315
INFO "GET /images/user_uploads/2022/04/27/c2b1334a73bd4e6692694f37f240d1f4.jpg HTTP/1.1" 200 5845
INFO "GET /images/user_uploads/2022/04/27/8b0705001c3541608aba525a95dd60a3.jpg HTTP/1.1" 200 9600
INFO "GET /images/user_uploads/2022/04/27/d44070f4fb384643a504b175ba86153e.jpg HTTP/1.1" 200 4227
INFO "GET /images/user_uploads/2022/04/27/17fb0ad5cedf4c2ca25c9804cd81b32c_thumb.jpg HTTP/1.1" 200 2943
INFO "GET /images/user_uploads/2022/04/27/55a803bedd14439bbdd5497b1fb06286_thumb.jpg HTTP/1.1" 200 2742
INFO "GET /images/user_uploads/2022/04/27/pup_avatar_0bYRKyh.png HTTP/1.1" 200 167774
INFO "GET /images/user_uploads/2022/04/27/e3aeff3d69bd42cfb32054fbb7bbbd0b_thumb.jpg HTTP/1.1" 200 2154
INFO "GET /images/user_uploads/2022/04/27/bca02a2083b041479622267a9ab05e86_thumb.jpg HTTP/1.1" 200 3164
INFO "GET /static/auctions/auctions/js/ajax.js HTTP/1.1" 200 8376
INFO "GET /images/user_uploads/2022/04/27/956370a134a849d4bc5627a3784c0aa2_thumb.jpg HTTP/1.1" 200 1728
WARNING Not Found: /favicon.ico
INFO - Broken pipe from ('127.0.0.1', 61474)

INFO C:\Users\Steerpike\Documents\projects\mocktions\commerce\settings.py changed, reloading.
